2025-12-25 20:32:37 INFO  - HV000001: Hibernate Validator 8.0.3.Final
2025-12-25 20:32:37 INFO  - Starting RqueuConsumerApplication using Java 17.0.15 with PID 2776 (C:\Users\mete\Desktop\staj\rqueue\rqueu-consumer\target\classes started by mete in C:\Users\mete\Desktop\staj\rqueue\rqueu-consumer)
2025-12-25 20:32:37 INFO  - No active profile set, falling back to 1 default profile: "default"
2025-12-25 20:32:40 INFO  - Started RqueuConsumerApplication in 3.901 seconds (process running for 4.838)
2025-12-25 20:32:40 INFO  - ✅ WireMock Stub Registered!
2025-12-25 20:32:40 INFO  - 🚀 Starting Rqueue Consumers...
2025-12-25 20:32:40 WARN  - This Gauge has been already registered (MeterId{name='queue.size', tags=[tag(key=__rq::queue::{high-priority-mails}),tag(queue=high-priority-mails)]}), the registration will be ignored. Note that subsequent logs will be logged at debug level.
2025-12-25 20:33:12 INFO  - | From: noreply@hitract.se | To: user-1@student.com | Subject: STANDARD | HTTP: 200 OK | Lag: 274ms
2025-12-25 20:33:12 INFO  - | From: noreply@hitract.se | To: user-6@student.com | Subject: VIP | HTTP: 200 OK | Lag: 258ms
2025-12-25 20:33:12 INFO  - | From: noreply@hitract.se | To: user-3@student.com | Subject: VIP | HTTP: 200 OK | Lag: 268ms
2025-12-25 20:33:12 INFO  - | From: noreply@hitract.se | To: user-0@student.com | Subject: STANDARD | HTTP: 200 OK | Lag: 347ms
2025-12-25 20:33:12 INFO  - | From: noreply@hitract.se | To: user-4@student.com | Subject: VIP | HTTP: 200 OK | Lag: 266ms
2025-12-25 20:33:12 INFO  - | From: noreply@hitract.se | To: user-1@student.com | Subject: VIP | HTTP: 200 OK | Lag: 277ms
2025-12-25 20:33:12 INFO  - | From: noreply@hitract.se | To: user-7@student.com | Subject: VIP | HTTP: 200 OK | Lag: 262ms
2025-12-25 20:33:12 INFO  - | From: noreply@hitract.se | To: user-8@student.com | Subject: VIP | HTTP: 200 OK | Lag: 258ms
2025-12-25 20:33:12 INFO  - | From: noreply@hitract.se | To: user-2@student.com | Subject: VIP | HTTP: 200 OK | Lag: 277ms
2025-12-25 20:33:12 INFO  - | From: noreply@hitract.se | To: user-5@student.com | Subject: VIP | HTTP: 200 OK | Lag: 273ms
2025-12-25 20:33:12 INFO  - | From: noreply@hitract.se | To: user-9@student.com | Subject: VIP | HTTP: 200 OK | Lag: 259ms
2025-12-25 20:33:12 INFO  - | From: noreply@hitract.se | To: user-0@student.com | Subject: VIP | HTTP: 200 OK | Lag: 357ms
2025-12-25 20:33:13 INFO  - | From: noreply@hitract.se | To: user-2@student.com | Subject: STANDARD | HTTP: 200 OK | Lag: 542ms
2025-12-25 20:33:13 INFO  - | From: noreply@hitract.se | To: user-3@student.com | Subject: STANDARD | HTTP: 200 OK | Lag: 539ms
2025-12-25 20:33:13 INFO  - | From: noreply@hitract.se | To: user-4@student.com | Subject: STANDARD | HTTP: 200 OK | Lag: 752ms
2025-12-25 20:33:13 INFO  - | From: noreply@hitract.se | To: user-5@student.com | Subject: STANDARD | HTTP: 200 OK | Lag: 749ms
2025-12-25 20:33:13 INFO  - | From: noreply@hitract.se | To: user-7@student.com | Subject: STANDARD | HTTP: 200 OK | Lag: 953ms
2025-12-25 20:33:13 INFO  - | From: noreply@hitract.se | To: user-6@student.com | Subject: STANDARD | HTTP: 200 OK | Lag: 955ms
2025-12-25 20:33:13 INFO  - | From: noreply@hitract.se | To: user-8@student.com | Subject: STANDARD | HTTP: 200 OK | Lag: 1169ms
2025-12-25 20:33:13 INFO  - | From: noreply@hitract.se | To: user-9@student.com | Subject: STANDARD | HTTP: 200 OK | Lag: 1164ms
2025-12-25 20:33:13 INFO  - | From: noreply@hitract.se | To: user-10@student.com | Subject: STANDARD | HTTP: 200 OK | Lag: 1367ms
2025-12-25 20:33:13 INFO  - | From: noreply@hitract.se | To: user-11@student.com | Subject: STANDARD | HTTP: 200 OK | Lag: 1364ms
2025-12-25 20:33:14 INFO  - | From: noreply@hitract.se | To: user-12@student.com | Subject: STANDARD | HTTP: 200 OK | Lag: 1563ms
2025-12-25 20:33:14 INFO  - | From: noreply@hitract.se | To: user-13@student.com | Subject: STANDARD | HTTP: 200 OK | Lag: 1560ms
2025-12-25 20:33:14 INFO  - | From: noreply@hitract.se | To: user-15@student.com | Subject: STANDARD | HTTP: 200 OK | Lag: 1859ms
2025-12-25 20:33:14 INFO  - | From: noreply@hitract.se | To: user-14@student.com | Subject: STANDARD | HTTP: 200 OK | Lag: 1861ms
2025-12-25 20:33:14 INFO  - | From: noreply@hitract.se | To: user-17@student.com | Subject: STANDARD | HTTP: 200 OK | Lag: 1978ms
2025-12-25 20:33:14 INFO  - | From: noreply@hitract.se | To: user-16@student.com | Subject: STANDARD | HTTP: 200 OK | Lag: 1981ms
2025-12-25 20:33:14 INFO  - | From: noreply@hitract.se | To: user-18@student.com | Subject: STANDARD | HTTP: 200 OK | Lag: 2192ms
2025-12-25 20:33:14 INFO  - | From: noreply@hitract.se | To: user-19@student.com | Subject: STANDARD | HTTP: 200 OK | Lag: 2189ms
2025-12-25 20:33:14 INFO  - | From: noreply@hitract.se | To: user-21@student.com | Subject: STANDARD | HTTP: 200 OK | Lag: 2399ms
2025-12-25 20:33:14 INFO  - | From: noreply@hitract.se | To: user-20@student.com | Subject: STANDARD | HTTP: 200 OK | Lag: 2402ms
2025-12-25 20:33:15 INFO  - | From: noreply@hitract.se | To: user-23@student.com | Subject: STANDARD | HTTP: 200 OK | Lag: 2631ms
2025-12-25 20:33:15 INFO  - | From: noreply@hitract.se | To: user-22@student.com | Subject: STANDARD | HTTP: 200 OK | Lag: 2633ms
2025-12-25 20:33:15 INFO  - | From: noreply@hitract.se | To: user-25@student.com | Subject: STANDARD | HTTP: 200 OK | Lag: 2818ms
2025-12-25 20:33:15 INFO  - | From: noreply@hitract.se | To: user-24@student.com | Subject: STANDARD | HTTP: 200 OK | Lag: 2821ms
2025-12-25 20:33:15 INFO  - | From: noreply@hitract.se | To: user-26@student.com | Subject: STANDARD | HTTP: 200 OK | Lag: 3032ms
2025-12-25 20:33:15 INFO  - | From: noreply@hitract.se | To: user-27@student.com | Subject: STANDARD | HTTP: 200 OK | Lag: 3029ms
2025-12-25 20:33:15 INFO  - | From: noreply@hitract.se | To: user-28@student.com | Subject: STANDARD | HTTP: 200 OK | Lag: 3245ms
2025-12-25 20:33:15 INFO  - | From: noreply@hitract.se | To: user-29@student.com | Subject: STANDARD | HTTP: 200 OK | Lag: 3242ms
2025-12-25 20:33:16 INFO  - | From: noreply@hitract.se | To: user-31@student.com | Subject: STANDARD | HTTP: 200 OK | Lag: 3453ms
2025-12-25 20:33:16 INFO  - | From: noreply@hitract.se | To: user-30@student.com | Subject: STANDARD | HTTP: 200 OK | Lag: 3456ms
2025-12-25 20:33:16 INFO  - | From: noreply@hitract.se | To: user-32@student.com | Subject: STANDARD | HTTP: 200 OK | Lag: 3667ms
2025-12-25 20:33:16 INFO  - | From: noreply@hitract.se | To: user-33@student.com | Subject: STANDARD | HTTP: 200 OK | Lag: 3665ms
2025-12-25 20:33:16 INFO  - | From: noreply@hitract.se | To: user-34@student.com | Subject: STANDARD | HTTP: 200 OK | Lag: 3877ms
2025-12-25 20:33:16 INFO  - | From: noreply@hitract.se | To: user-35@student.com | Subject: STANDARD | HTTP: 200 OK | Lag: 3875ms
2025-12-25 20:33:16 INFO  - | From: noreply@hitract.se | To: user-37@student.com | Subject: STANDARD | HTTP: 200 OK | Lag: 4077ms
2025-12-25 20:33:16 INFO  - | From: noreply@hitract.se | To: user-36@student.com | Subject: STANDARD | HTTP: 200 OK | Lag: 4080ms
2025-12-25 20:33:16 INFO  - | From: noreply@hitract.se | To: user-38@student.com | Subject: STANDARD | HTTP: 200 OK | Lag: 4288ms
2025-12-25 20:33:16 INFO  - | From: noreply@hitract.se | To: user-39@student.com | Subject: STANDARD | HTTP: 200 OK | Lag: 4285ms
2025-12-25 20:33:17 INFO  - | From: noreply@hitract.se | To: user-40@student.com | Subject: STANDARD | HTTP: 200 OK | Lag: 4499ms
2025-12-25 20:33:17 INFO  - | From: noreply@hitract.se | To: user-41@student.com | Subject: STANDARD | HTTP: 200 OK | Lag: 4496ms
2025-12-25 20:33:17 INFO  - | From: noreply@hitract.se | To: user-42@student.com | Subject: STANDARD | HTTP: 200 OK | Lag: 4697ms
2025-12-25 20:33:17 INFO  - | From: noreply@hitract.se | To: user-43@student.com | Subject: STANDARD | HTTP: 200 OK | Lag: 4695ms
2025-12-25 20:33:17 INFO  - | From: noreply@hitract.se | To: user-44@student.com | Subject: STANDARD | HTTP: 200 OK | Lag: 4903ms
2025-12-25 20:33:17 INFO  - | From: noreply@hitract.se | To: user-45@student.com | Subject: STANDARD | HTTP: 200 OK | Lag: 4901ms
2025-12-25 20:33:17 INFO  - | From: noreply@hitract.se | To: user-47@student.com | Subject: STANDARD | HTTP: 200 OK | Lag: 5112ms
2025-12-25 20:33:17 INFO  - | From: noreply@hitract.se | To: user-46@student.com | Subject: STANDARD | HTTP: 200 OK | Lag: 5115ms
2025-12-25 20:33:17 INFO  - | From: noreply@hitract.se | To: user-49@student.com | Subject: STANDARD | HTTP: 200 OK | Lag: 5306ms
2025-12-25 20:33:17 INFO  - | From: noreply@hitract.se | To: user-48@student.com | Subject: STANDARD | HTTP: 200 OK | Lag: 5312ms
2025-12-25 20:33:18 INFO  - | From: noreply@hitract.se | To: user-50@student.com | Subject: STANDARD | HTTP: 200 OK | Lag: 5519ms
2025-12-25 20:33:18 INFO  - | From: noreply@hitract.se | To: user-51@student.com | Subject: STANDARD | HTTP: 200 OK | Lag: 5514ms
2025-12-25 20:33:18 INFO  - | From: noreply@hitract.se | To: user-52@student.com | Subject: STANDARD | HTTP: 200 OK | Lag: 5725ms
2025-12-25 20:33:18 INFO  - | From: noreply@hitract.se | To: user-53@student.com | Subject: STANDARD | HTTP: 200 OK | Lag: 5719ms
2025-12-25 20:33:18 INFO  - | From: noreply@hitract.se | To: user-54@student.com | Subject: STANDARD | HTTP: 200 OK | Lag: 5926ms
2025-12-25 20:33:18 INFO  - | From: noreply@hitract.se | To: user-55@student.com | Subject: STANDARD | HTTP: 200 OK | Lag: 5911ms
2025-12-25 20:33:18 INFO  - | From: noreply@hitract.se | To: user-56@student.com | Subject: STANDARD | HTTP: 200 OK | Lag: 6099ms
2025-12-25 20:33:18 INFO  - | From: noreply@hitract.se | To: user-57@student.com | Subject: STANDARD | HTTP: 200 OK | Lag: 6090ms
2025-12-25 20:33:19 INFO  - | From: noreply@hitract.se | To: user-58@student.com | Subject: STANDARD | HTTP: 200 OK | Lag: 6284ms
2025-12-25 20:33:19 INFO  - | From: noreply@hitract.se | To: user-59@student.com | Subject: STANDARD | HTTP: 200 OK | Lag: 6271ms
2025-12-25 20:33:19 INFO  - | From: noreply@hitract.se | To: user-61@student.com | Subject: STANDARD | HTTP: 200 OK | Lag: 6469ms
2025-12-25 20:33:19 INFO  - | From: noreply@hitract.se | To: user-60@student.com | Subject: STANDARD | HTTP: 200 OK | Lag: 6481ms
2025-12-25 20:33:19 INFO  - | From: noreply@hitract.se | To: user-62@student.com | Subject: STANDARD | HTTP: 200 OK | Lag: 6682ms
2025-12-25 20:33:19 INFO  - | From: noreply@hitract.se | To: user-63@student.com | Subject: STANDARD | HTTP: 200 OK | Lag: 6678ms
2025-12-25 20:33:19 INFO  - | From: noreply@hitract.se | To: user-64@student.com | Subject: STANDARD | HTTP: 200 OK | Lag: 6888ms
2025-12-25 20:33:19 INFO  - | From: noreply@hitract.se | To: user-65@student.com | Subject: STANDARD | HTTP: 200 OK | Lag: 6881ms
2025-12-25 20:33:19 INFO  - | From: noreply@hitract.se | To: user-66@student.com | Subject: STANDARD | HTTP: 200 OK | Lag: 7093ms
2025-12-25 20:33:19 INFO  - | From: noreply@hitract.se | To: user-67@student.com | Subject: STANDARD | HTTP: 200 OK | Lag: 7084ms
2025-12-25 20:33:20 INFO  - | From: noreply@hitract.se | To: user-69@student.com | Subject: STANDARD | HTTP: 200 OK | Lag: 7284ms
2025-12-25 20:33:20 INFO  - | From: noreply@hitract.se | To: user-68@student.com | Subject: STANDARD | HTTP: 200 OK | Lag: 7290ms
2025-12-25 20:33:20 INFO  - | From: noreply@hitract.se | To: user-71@student.com | Subject: STANDARD | HTTP: 200 OK | Lag: 7489ms
2025-12-25 20:33:20 INFO  - | From: noreply@hitract.se | To: user-70@student.com | Subject: STANDARD | HTTP: 200 OK | Lag: 7494ms
2025-12-25 20:33:20 INFO  - | From: noreply@hitract.se | To: user-72@student.com | Subject: STANDARD | HTTP: 200 OK | Lag: 7690ms
2025-12-25 20:33:20 INFO  - | From: noreply@hitract.se | To: user-73@student.com | Subject: STANDARD | HTTP: 200 OK | Lag: 7686ms
2025-12-25 20:33:20 INFO  - | From: noreply@hitract.se | To: user-75@student.com | Subject: STANDARD | HTTP: 200 OK | Lag: 7895ms
2025-12-25 20:33:20 INFO  - | From: noreply@hitract.se | To: user-74@student.com | Subject: STANDARD | HTTP: 200 OK | Lag: 7897ms
2025-12-25 20:33:20 INFO  - | From: noreply@hitract.se | To: user-76@student.com | Subject: STANDARD | HTTP: 200 OK | Lag: 8110ms
2025-12-25 20:33:20 INFO  - | From: noreply@hitract.se | To: user-77@student.com | Subject: STANDARD | HTTP: 200 OK | Lag: 8107ms
2025-12-25 20:33:21 INFO  - | From: noreply@hitract.se | To: user-78@student.com | Subject: STANDARD | HTTP: 200 OK | Lag: 8316ms
2025-12-25 20:33:21 INFO  - | From: noreply@hitract.se | To: user-79@student.com | Subject: STANDARD | HTTP: 200 OK | Lag: 8314ms
2025-12-25 20:33:21 INFO  - | From: noreply@hitract.se | To: user-81@student.com | Subject: STANDARD | HTTP: 200 OK | Lag: 8527ms
2025-12-25 20:33:21 INFO  - | From: noreply@hitract.se | To: user-80@student.com | Subject: STANDARD | HTTP: 200 OK | Lag: 8529ms
2025-12-25 20:33:21 INFO  - | From: noreply@hitract.se | To: user-83@student.com | Subject: STANDARD | HTTP: 200 OK | Lag: 8742ms
2025-12-25 20:33:21 INFO  - | From: noreply@hitract.se | To: user-82@student.com | Subject: STANDARD | HTTP: 200 OK | Lag: 8744ms
2025-12-25 20:33:21 INFO  - | From: noreply@hitract.se | To: user-84@student.com | Subject: STANDARD | HTTP: 200 OK | Lag: 8954ms
2025-12-25 20:33:21 INFO  - | From: noreply@hitract.se | To: user-85@student.com | Subject: STANDARD | HTTP: 200 OK | Lag: 8952ms
2025-12-25 20:33:22 INFO  - | From: noreply@hitract.se | To: user-86@student.com | Subject: STANDARD | HTTP: 200 OK | Lag: 9153ms
2025-12-25 20:33:22 INFO  - | From: noreply@hitract.se | To: user-87@student.com | Subject: STANDARD | HTTP: 200 OK | Lag: 9150ms
2025-12-25 20:33:22 INFO  - | From: noreply@hitract.se | To: user-89@student.com | Subject: STANDARD | HTTP: 200 OK | Lag: 9360ms
2025-12-25 20:33:22 INFO  - | From: noreply@hitract.se | To: user-88@student.com | Subject: STANDARD | HTTP: 200 OK | Lag: 9363ms
2025-12-25 20:33:22 INFO  - | From: noreply@hitract.se | To: user-91@student.com | Subject: STANDARD | HTTP: 200 OK | Lag: 9572ms
2025-12-25 20:33:22 INFO  - | From: noreply@hitract.se | To: user-90@student.com | Subject: STANDARD | HTTP: 200 OK | Lag: 9574ms
2025-12-25 20:33:22 INFO  - | From: noreply@hitract.se | To: user-92@student.com | Subject: STANDARD | HTTP: 200 OK | Lag: 9774ms
2025-12-25 20:33:22 INFO  - | From: noreply@hitract.se | To: user-93@student.com | Subject: STANDARD | HTTP: 200 OK | Lag: 9772ms
2025-12-25 20:33:22 INFO  - | From: noreply@hitract.se | To: user-94@student.com | Subject: STANDARD | HTTP: 200 OK | Lag: 9974ms
2025-12-25 20:33:22 INFO  - | From: noreply@hitract.se | To: user-95@student.com | Subject: STANDARD | HTTP: 200 OK | Lag: 9972ms
2025-12-25 20:33:23 INFO  - | From: noreply@hitract.se | To: user-97@student.com | Subject: STANDARD | HTTP: 200 OK | Lag: 10169ms
2025-12-25 20:33:23 INFO  - | From: noreply@hitract.se | To: user-96@student.com | Subject: STANDARD | HTTP: 200 OK | Lag: 10171ms
2025-12-25 20:33:23 INFO  - | From: noreply@hitract.se | To: user-98@student.com | Subject: STANDARD | HTTP: 200 OK | Lag: 10379ms
2025-12-25 20:33:23 INFO  - | From: noreply@hitract.se | To: user-99@student.com | Subject: STANDARD | HTTP: 200 OK | Lag: 10377ms
2025-12-25 20:33:58 INFO  - | From: noreply@hitract.se | To: user-9@student.com | Subject: VIP | HTTP: 200 OK | Lag: 178ms
2025-12-25 20:33:58 INFO  - | From: noreply@hitract.se | To: user-0@student.com | Subject: VIP | HTTP: 200 OK | Lag: 272ms
2025-12-25 20:33:58 INFO  - | From: noreply@hitract.se | To: user-1@student.com | Subject: STANDARD | HTTP: 200 OK | Lag: 212ms
2025-12-25 20:33:58 INFO  - | From: noreply@hitract.se | To: user-8@student.com | Subject: VIP | HTTP: 200 OK | Lag: 187ms
2025-12-25 20:33:58 INFO  - | From: noreply@hitract.se | To: user-2@student.com | Subject: VIP | HTTP: 200 OK | Lag: 208ms
2025-12-25 20:33:58 INFO  - | From: noreply@hitract.se | To: user-1@student.com | Subject: VIP | HTTP: 200 OK | Lag: 215ms
2025-12-25 20:33:58 INFO  - | From: noreply@hitract.se | To: user-5@student.com | Subject: VIP | HTTP: 200 OK | Lag: 203ms
2025-12-25 20:33:58 INFO  - | From: noreply@hitract.se | To: user-0@student.com | Subject: STANDARD | HTTP: 200 OK | Lag: 280ms
2025-12-25 20:33:58 INFO  - | From: noreply@hitract.se | To: user-3@student.com | Subject: VIP | HTTP: 200 OK | Lag: 212ms
2025-12-25 20:33:58 INFO  - | From: noreply@hitract.se | To: user-6@student.com | Subject: VIP | HTTP: 200 OK | Lag: 204ms
2025-12-25 20:33:58 INFO  - | From: noreply@hitract.se | To: user-7@student.com | Subject: VIP | HTTP: 200 OK | Lag: 202ms
2025-12-25 20:33:58 INFO  - | From: noreply@hitract.se | To: user-4@student.com | Subject: VIP | HTTP: 200 OK | Lag: 213ms
2025-12-25 20:33:58 INFO  - | From: noreply@hitract.se | To: user-2@student.com | Subject: STANDARD | HTTP: 200 OK | Lag: 384ms
2025-12-25 20:33:58 INFO  - | From: noreply@hitract.se | To: user-3@student.com | Subject: STANDARD | HTTP: 200 OK | Lag: 382ms
2025-12-25 20:33:59 INFO  - | From: noreply@hitract.se | To: user-5@student.com | Subject: STANDARD | HTTP: 200 OK | Lag: 581ms
2025-12-25 20:33:59 INFO  - | From: noreply@hitract.se | To: user-4@student.com | Subject: STANDARD | HTTP: 200 OK | Lag: 584ms
2025-12-25 20:33:59 INFO  - | From: noreply@hitract.se | To: user-7@student.com | Subject: STANDARD | HTTP: 200 OK | Lag: 790ms
2025-12-25 20:33:59 INFO  - | From: noreply@hitract.se | To: user-6@student.com | Subject: STANDARD | HTTP: 200 OK | Lag: 794ms
2025-12-25 20:33:59 INFO  - | From: noreply@hitract.se | To: user-9@student.com | Subject: STANDARD | HTTP: 200 OK | Lag: 997ms
2025-12-25 20:33:59 INFO  - | From: noreply@hitract.se | To: user-8@student.com | Subject: STANDARD | HTTP: 200 OK | Lag: 1003ms
2025-12-25 20:33:59 INFO  - | From: noreply@hitract.se | To: user-11@student.com | Subject: STANDARD | HTTP: 200 OK | Lag: 1209ms
2025-12-25 20:33:59 INFO  - | From: noreply@hitract.se | To: user-10@student.com | Subject: STANDARD | HTTP: 200 OK | Lag: 1212ms
2025-12-25 20:34:00 INFO  - | From: noreply@hitract.se | To: user-13@student.com | Subject: STANDARD | HTTP: 200 OK | Lag: 1403ms
2025-12-25 20:34:00 INFO  - | From: noreply@hitract.se | To: user-12@student.com | Subject: STANDARD | HTTP: 200 OK | Lag: 1406ms
2025-12-25 20:34:00 INFO  - | From: noreply@hitract.se | To: user-15@student.com | Subject: STANDARD | HTTP: 200 OK | Lag: 1679ms
2025-12-25 20:34:00 INFO  - | From: noreply@hitract.se | To: user-14@student.com | Subject: STANDARD | HTTP: 200 OK | Lag: 1682ms
2025-12-25 20:34:00 INFO  - | From: noreply@hitract.se | To: user-16@student.com | Subject: STANDARD | HTTP: 200 OK | Lag: 1833ms
2025-12-25 20:34:00 INFO  - | From: noreply@hitract.se | To: user-17@student.com | Subject: STANDARD | HTTP: 200 OK | Lag: 1830ms
2025-12-25 20:34:00 INFO  - | From: noreply@hitract.se | To: user-18@student.com | Subject: STANDARD | HTTP: 200 OK | Lag: 2027ms
2025-12-25 20:34:00 INFO  - | From: noreply@hitract.se | To: user-19@student.com | Subject: STANDARD | HTTP: 200 OK | Lag: 2025ms
2025-12-25 20:34:00 INFO  - | From: noreply@hitract.se | To: user-21@student.com | Subject: STANDARD | HTTP: 200 OK | Lag: 2224ms
2025-12-25 20:34:00 INFO  - | From: noreply@hitract.se | To: user-20@student.com | Subject: STANDARD | HTTP: 200 OK | Lag: 2227ms
2025-12-25 20:34:01 INFO  - | From: noreply@hitract.se | To: user-22@student.com | Subject: STANDARD | HTTP: 200 OK | Lag: 2432ms
2025-12-25 20:34:01 INFO  - | From: noreply@hitract.se | To: user-23@student.com | Subject: STANDARD | HTTP: 200 OK | Lag: 2429ms
2025-12-25 20:34:01 INFO  - | From: noreply@hitract.se | To: user-25@student.com | Subject: STANDARD | HTTP: 200 OK | Lag: 2646ms
2025-12-25 20:34:01 INFO  - | From: noreply@hitract.se | To: user-24@student.com | Subject: STANDARD | HTTP: 200 OK | Lag: 2648ms
2025-12-25 20:34:01 INFO  - | From: noreply@hitract.se | To: user-26@student.com | Subject: STANDARD | HTTP: 200 OK | Lag: 2863ms
2025-12-25 20:34:01 INFO  - | From: noreply@hitract.se | To: user-27@student.com | Subject: STANDARD | HTTP: 200 OK | Lag: 2861ms
2025-12-25 20:34:01 INFO  - | From: noreply@hitract.se | To: user-28@student.com | Subject: STANDARD | HTTP: 200 OK | Lag: 3070ms
2025-12-25 20:34:01 INFO  - | From: noreply@hitract.se | To: user-29@student.com | Subject: STANDARD | HTTP: 200 OK | Lag: 3068ms
2025-12-25 20:34:01 INFO  - | From: noreply@hitract.se | To: user-31@student.com | Subject: STANDARD | HTTP: 200 OK | Lag: 3274ms
2025-12-25 20:34:01 INFO  - | From: noreply@hitract.se | To: user-30@student.com | Subject: STANDARD | HTTP: 200 OK | Lag: 3277ms
2025-12-25 20:34:02 INFO  - | From: noreply@hitract.se | To: user-32@student.com | Subject: STANDARD | HTTP: 200 OK | Lag: 3477ms
2025-12-25 20:34:02 INFO  - | From: noreply@hitract.se | To: user-33@student.com | Subject: STANDARD | HTTP: 200 OK | Lag: 3473ms
2025-12-25 20:34:02 INFO  - | From: noreply@hitract.se | To: user-34@student.com | Subject: STANDARD | HTTP: 200 OK | Lag: 3697ms
2025-12-25 20:34:02 INFO  - | From: noreply@hitract.se | To: user-35@student.com | Subject: STANDARD | HTTP: 200 OK | Lag: 3694ms
2025-12-25 20:34:02 INFO  - | From: noreply@hitract.se | To: user-37@student.com | Subject: STANDARD | HTTP: 200 OK | Lag: 3880ms
2025-12-25 20:34:02 INFO  - | From: noreply@hitract.se | To: user-36@student.com | Subject: STANDARD | HTTP: 200 OK | Lag: 3882ms
2025-12-25 20:34:02 INFO  - | From: noreply@hitract.se | To: user-39@student.com | Subject: STANDARD | HTTP: 200 OK | Lag: 4088ms
2025-12-25 20:34:02 INFO  - | From: noreply@hitract.se | To: user-38@student.com | Subject: STANDARD | HTTP: 200 OK | Lag: 4091ms
2025-12-25 20:34:03 INFO  - | From: noreply@hitract.se | To: user-40@student.com | Subject: STANDARD | HTTP: 200 OK | Lag: 4291ms
2025-12-25 20:34:03 INFO  - | From: noreply@hitract.se | To: user-41@student.com | Subject: STANDARD | HTTP: 200 OK | Lag: 4288ms
2025-12-25 20:34:03 INFO  - | From: noreply@hitract.se | To: user-43@student.com | Subject: STANDARD | HTTP: 200 OK | Lag: 4501ms
2025-12-25 20:34:03 INFO  - | From: noreply@hitract.se | To: user-42@student.com | Subject: STANDARD | HTTP: 200 OK | Lag: 4503ms
2025-12-25 20:34:03 INFO  - | From: noreply@hitract.se | To: user-45@student.com | Subject: STANDARD | HTTP: 200 OK | Lag: 4716ms
2025-12-25 20:34:03 INFO  - | From: noreply@hitract.se | To: user-44@student.com | Subject: STANDARD | HTTP: 200 OK | Lag: 4718ms
2025-12-25 20:34:03 INFO  - | From: noreply@hitract.se | To: user-46@student.com | Subject: STANDARD | HTTP: 200 OK | Lag: 4914ms
2025-12-25 20:34:03 INFO  - | From: noreply@hitract.se | To: user-47@student.com | Subject: STANDARD | HTTP: 200 OK | Lag: 4911ms
2025-12-25 20:34:03 INFO  - | From: noreply@hitract.se | To: user-49@student.com | Subject: STANDARD | HTTP: 200 OK | Lag: 5121ms
2025-12-25 20:34:03 INFO  - | From: noreply@hitract.se | To: user-48@student.com | Subject: STANDARD | HTTP: 200 OK | Lag: 5123ms
2025-12-25 20:34:04 INFO  - | From: noreply@hitract.se | To: user-51@student.com | Subject: STANDARD | HTTP: 200 OK | Lag: 5334ms
2025-12-25 20:34:04 INFO  - | From: noreply@hitract.se | To: user-50@student.com | Subject: STANDARD | HTTP: 200 OK | Lag: 5337ms
2025-12-25 20:34:04 INFO  - | From: noreply@hitract.se | To: user-53@student.com | Subject: STANDARD | HTTP: 200 OK | Lag: 5530ms
2025-12-25 20:34:04 INFO  - | From: noreply@hitract.se | To: user-52@student.com | Subject: STANDARD | HTTP: 200 OK | Lag: 5533ms
2025-12-25 20:34:04 INFO  - | From: noreply@hitract.se | To: user-55@student.com | Subject: STANDARD | HTTP: 200 OK | Lag: 5741ms
2025-12-25 20:34:04 INFO  - | From: noreply@hitract.se | To: user-54@student.com | Subject: STANDARD | HTTP: 200 OK | Lag: 5744ms
2025-12-25 20:34:04 INFO  - | From: noreply@hitract.se | To: user-57@student.com | Subject: STANDARD | HTTP: 200 OK | Lag: 5953ms
2025-12-25 20:34:04 INFO  - | From: noreply@hitract.se | To: user-56@student.com | Subject: STANDARD | HTTP: 200 OK | Lag: 5955ms
2025-12-25 20:34:04 INFO  - | From: noreply@hitract.se | To: user-58@student.com | Subject: STANDARD | HTTP: 200 OK | Lag: 6154ms
2025-12-25 20:34:04 INFO  - | From: noreply@hitract.se | To: user-59@student.com | Subject: STANDARD | HTTP: 200 OK | Lag: 6152ms
2025-12-25 20:34:05 INFO  - | From: noreply@hitract.se | To: user-61@student.com | Subject: STANDARD | HTTP: 200 OK | Lag: 6349ms
2025-12-25 20:34:05 INFO  - | From: noreply@hitract.se | To: user-60@student.com | Subject: STANDARD | HTTP: 200 OK | Lag: 6352ms
2025-12-25 20:34:05 INFO  - | From: noreply@hitract.se | To: user-62@student.com | Subject: STANDARD | HTTP: 200 OK | Lag: 6561ms
2025-12-25 20:34:05 INFO  - | From: noreply@hitract.se | To: user-63@student.com | Subject: STANDARD | HTTP: 200 OK | Lag: 6556ms
2025-12-25 20:34:05 INFO  - | From: noreply@hitract.se | To: user-64@student.com | Subject: STANDARD | HTTP: 200 OK | Lag: 6749ms
2025-12-25 20:34:05 INFO  - | From: noreply@hitract.se | To: user-65@student.com | Subject: STANDARD | HTTP: 200 OK | Lag: 6744ms
2025-12-25 20:34:05 INFO  - | From: noreply@hitract.se | To: user-66@student.com | Subject: STANDARD | HTTP: 200 OK | Lag: 6957ms
2025-12-25 20:34:05 INFO  - | From: noreply@hitract.se | To: user-67@student.com | Subject: STANDARD | HTTP: 200 OK | Lag: 6954ms
2025-12-25 20:34:05 INFO  - | From: noreply@hitract.se | To: user-69@student.com | Subject: STANDARD | HTTP: 200 OK | Lag: 7154ms
2025-12-25 20:34:05 INFO  - | From: noreply@hitract.se | To: user-68@student.com | Subject: STANDARD | HTTP: 200 OK | Lag: 7163ms
2025-12-25 20:34:06 INFO  - | From: noreply@hitract.se | To: user-70@student.com | Subject: STANDARD | HTTP: 200 OK | Lag: 7352ms
2025-12-25 20:34:06 INFO  - | From: noreply@hitract.se | To: user-71@student.com | Subject: STANDARD | HTTP: 200 OK | Lag: 7347ms
2025-12-25 20:34:06 INFO  - | From: noreply@hitract.se | To: user-73@student.com | Subject: STANDARD | HTTP: 200 OK | Lag: 7551ms
2025-12-25 20:34:06 INFO  - | From: noreply@hitract.se | To: user-72@student.com | Subject: STANDARD | HTTP: 200 OK | Lag: 7555ms
2025-12-25 20:34:06 INFO  - | From: noreply@hitract.se | To: user-75@student.com | Subject: STANDARD | HTTP: 200 OK | Lag: 7763ms
2025-12-25 20:34:06 INFO  - | From: noreply@hitract.se | To: user-74@student.com | Subject: STANDARD | HTTP: 200 OK | Lag: 7765ms
2025-12-25 20:34:06 INFO  - | From: noreply@hitract.se | To: user-76@student.com | Subject: STANDARD | HTTP: 200 OK | Lag: 7978ms
2025-12-25 20:34:06 INFO  - | From: noreply@hitract.se | To: user-77@student.com | Subject: STANDARD | HTTP: 200 OK | Lag: 7976ms
2025-12-25 20:34:07 INFO  - | From: noreply@hitract.se | To: user-78@student.com | Subject: STANDARD | HTTP: 200 OK | Lag: 8176ms
2025-12-25 20:34:07 INFO  - | From: noreply@hitract.se | To: user-79@student.com | Subject: STANDARD | HTTP: 200 OK | Lag: 8173ms
2025-12-25 20:34:07 INFO  - | From: noreply@hitract.se | To: user-81@student.com | Subject: STANDARD | HTTP: 200 OK | Lag: 8385ms
2025-12-25 20:34:07 INFO  - | From: noreply@hitract.se | To: user-80@student.com | Subject: STANDARD | HTTP: 200 OK | Lag: 8387ms
2025-12-25 20:34:07 INFO  - | From: noreply@hitract.se | To: user-82@student.com | Subject: STANDARD | HTTP: 200 OK | Lag: 8603ms
2025-12-25 20:34:07 INFO  - | From: noreply@hitract.se | To: user-83@student.com | Subject: STANDARD | HTTP: 200 OK | Lag: 8600ms
2025-12-25 20:34:07 INFO  - | From: noreply@hitract.se | To: user-85@student.com | Subject: STANDARD | HTTP: 200 OK | Lag: 8794ms
2025-12-25 20:34:07 INFO  - | From: noreply@hitract.se | To: user-84@student.com | Subject: STANDARD | HTTP: 200 OK | Lag: 8796ms
2025-12-25 20:34:07 INFO  - | From: noreply@hitract.se | To: user-87@student.com | Subject: STANDARD | HTTP: 200 OK | Lag: 9009ms
2025-12-25 20:34:07 INFO  - | From: noreply@hitract.se | To: user-86@student.com | Subject: STANDARD | HTTP: 200 OK | Lag: 9011ms
2025-12-25 20:34:08 INFO  - | From: noreply@hitract.se | To: user-88@student.com | Subject: STANDARD | HTTP: 200 OK | Lag: 9208ms
2025-12-25 20:34:08 INFO  - | From: noreply@hitract.se | To: user-89@student.com | Subject: STANDARD | HTTP: 200 OK | Lag: 9205ms
2025-12-25 20:34:08 INFO  - | From: noreply@hitract.se | To: user-91@student.com | Subject: STANDARD | HTTP: 200 OK | Lag: 9419ms
2025-12-25 20:34:08 INFO  - | From: noreply@hitract.se | To: user-90@student.com | Subject: STANDARD | HTTP: 200 OK | Lag: 9421ms
2025-12-25 20:34:08 INFO  - | From: noreply@hitract.se | To: user-92@student.com | Subject: STANDARD | HTTP: 200 OK | Lag: 9621ms
2025-12-25 20:34:08 INFO  - | From: noreply@hitract.se | To: user-93@student.com | Subject: STANDARD | HTTP: 200 OK | Lag: 9619ms
2025-12-25 20:34:08 INFO  - | From: noreply@hitract.se | To: user-95@student.com | Subject: STANDARD | HTTP: 200 OK | Lag: 9831ms
2025-12-25 20:34:08 INFO  - | From: noreply@hitract.se | To: user-94@student.com | Subject: STANDARD | HTTP: 200 OK | Lag: 9833ms
2025-12-25 20:34:08 INFO  - | From: noreply@hitract.se | To: user-97@student.com | Subject: STANDARD | HTTP: 200 OK | Lag: 10044ms
2025-12-25 20:34:08 INFO  - | From: noreply@hitract.se | To: user-96@student.com | Subject: STANDARD | HTTP: 200 OK | Lag: 10046ms
2025-12-25 20:34:09 INFO  - | From: noreply@hitract.se | To: user-99@student.com | Subject: STANDARD | HTTP: 200 OK | Lag: 10243ms
2025-12-25 20:34:09 INFO  - | From: noreply@hitract.se | To: user-98@student.com | Subject: STANDARD | HTTP: 200 OK | Lag: 10245ms
